<?xml version="1.0" encoding="UTF-8"?>
<coverage generated="1744258970997" clover="3.2.0">
  <project timestamp="1744258970997" name="All files">
    <metrics statements="18" coveredstatements="17" conditionals="8" coveredconditionals="8" methods="6" coveredmethods="5" elements="32" coveredelements="30" complexity="0" loc="18" ncloc="18" packages="1" files="1" classes="1"/>
    <file name="Form.jsx" path="/home/labber/lighthouse/scheduler/src/components/Appointment/Form.jsx">
      <metrics statements="18" coveredstatements="17" conditionals="8" coveredconditionals="8" methods="6" coveredmethods="5"/>
      <line num="7" count="18" type="cond" truecount="2" falsecount="0"/>
      <line num="8" count="18" type="cond" truecount="2" falsecount="0"/>
      <line num="9" count="18" type="stmt"/>
      <line num="12" count="1" type="stmt"/>
      <line num="13" count="1" type="stmt"/>
      <line num="17" count="1" type="stmt"/>
      <line num="18" count="1" type="stmt"/>
      <line num="23" count="7" type="cond" truecount="2" falsecount="0"/>
      <line num="24" count="2" type="stmt"/>
      <line num="25" count="2" type="stmt"/>
      <line num="27" count="5" type="cond" truecount="2" falsecount="0"/>
      <line num="28" count="2" type="stmt"/>
      <line num="29" count="2" type="stmt"/>
      <line num="32" count="3" type="stmt"/>
      <line num="33" count="3" type="stmt"/>
      <line num="36" count="18" type="stmt"/>
      <line num="39" count="0" type="stmt"/>
      <line num="47" count="3" type="stmt"/>
    </file>
  </project>
</coverage>
