TN:
SF:src/components/Appointment/Form.jsx
FN:6,Form
FN:11,reset
FN:16,cancel
FN:22,validate
FN:39,(anonymous_4)
FN:46,(anonymous_5)
FNF:6
FNH:5
FNDA:18,Form
FNDA:1,reset
FNDA:1,cancel
FNDA:7,validate
FNDA:0,(anonymous_4)
FNDA:3,(anonymous_5)
DA:7,18
DA:8,18
DA:9,18
DA:12,1
DA:13,1
DA:17,1
DA:18,1
DA:23,7
DA:24,2
DA:25,2
DA:27,5
DA:28,2
DA:29,2
DA:32,3
DA:33,3
DA:36,18
DA:39,0
DA:47,3
LF:18
LH:17
BRDA:7,0,0,18
BRDA:7,0,1,10
BRDA:8,1,0,18
BRDA:8,1,1,10
BRDA:23,2,0,2
BRDA:23,2,1,5
BRDA:27,3,0,2
BRDA:27,3,1,3
BRF:8
BRH:8
end_of_record
